# Logfile created on 2016-03-29 15:55:04 +0530 by logger.rb/36483
I, [2016-03-29T15:55:04.655157 #23845]  INFO -- : 0:  rake (10.1.0) from /home/elaiyaraja/.rvm/gems/ruby-2.0.0-p247/specifications/rake-10.1.0.gemspec
I, [2016-03-29T15:55:09.546268 #23845]  INFO -- : 0:  i18n (0.6.1) from /home/elaiyaraja/.rvm/gems/ruby-2.0.0-p247/specifications/i18n-0.6.1.gemspec
I, [2016-03-29T15:55:12.731442 #23845]  INFO -- : 0:  multi_json (1.7.2) from /home/elaiyaraja/.rvm/gems/ruby-2.0.0-p247/specifications/multi_json-1.7.2.gemspec
I, [2016-03-29T15:55:21.938128 #23845]  INFO -- : 0:  activesupport (3.2.13) from /home/elaiyaraja/.rvm/gems/ruby-2.0.0-p247/specifications/activesupport-3.2.13.gemspec
I, [2016-03-29T15:55:27.281646 #23845]  INFO -- : 0:  builder (3.0.0) from /home/elaiyaraja/.rvm/gems/ruby-2.0.0-p247/specifications/builder-3.0.0.gemspec
I, [2016-03-29T15:55:31.140459 #23845]  INFO -- : 0:  activemodel (3.2.13) from /home/elaiyaraja/.rvm/gems/ruby-2.0.0-p247/specifications/activemodel-3.2.13.gemspec
I, [2016-03-29T15:55:31.141086 #23845]  INFO -- : 0:  erubis (2.7.0) from /home/elaiyaraja/.rvm/gems/ruby-2.0.0-p247/specifications/erubis-2.7.0.gemspec
I, [2016-03-29T15:55:34.767740 #23845]  INFO -- : 0:  journey (1.0.4) from /home/elaiyaraja/.rvm/gems/ruby-2.0.0-p247/specifications/journey-1.0.4.gemspec
I, [2016-03-29T15:55:42.733807 #23845]  INFO -- : 0:  rack (1.4.5) from /home/elaiyaraja/.rvm/gems/ruby-2.0.0-p247/specifications/rack-1.4.5.gemspec
I, [2016-03-29T15:55:47.739919 #23845]  INFO -- : 0:  rack-cache (1.2) from /home/elaiyaraja/.rvm/gems/ruby-2.0.0-p247/specifications/rack-cache-1.2.gemspec
I, [2016-03-29T15:55:47.740612 #23845]  INFO -- : 0:  rack-test (0.6.2) from /home/elaiyaraja/.rvm/gems/ruby-2.0.0-p247/specifications/rack-test-0.6.2.gemspec
I, [2016-03-29T15:55:50.594226 #23845]  INFO -- : 0:  hike (1.2.2) from /home/elaiyaraja/.rvm/gems/ruby-2.0.0-p247/specifications/hike-1.2.2.gemspec
I, [2016-03-29T15:55:55.021376 #23845]  INFO -- : 0:  tilt (1.3.6) from /home/elaiyaraja/.rvm/gems/ruby-2.0.0-p247/specifications/tilt-1.3.6.gemspec
I, [2016-03-29T15:55:58.357672 #23845]  INFO -- : 0:  sprockets (2.2.2) from /home/elaiyaraja/.rvm/gems/ruby-2.0.0-p247/specifications/sprockets-2.2.2.gemspec
I, [2016-03-29T15:56:06.936650 #23845]  INFO -- : 0:  actionpack (3.2.13) from /home/elaiyaraja/.rvm/gems/ruby-2.0.0-p247/specifications/actionpack-3.2.13.gemspec
I, [2016-03-29T15:56:12.545802 #23845]  INFO -- : 0:  mime-types (1.22) from /home/elaiyaraja/.rvm/gems/ruby-2.0.0-p247/specifications/mime-types-1.22.gemspec
I, [2016-03-29T15:56:12.546288 #23845]  INFO -- : 0:  polyglot (0.3.3) from /home/elaiyaraja/.rvm/gems/ruby-2.0.0-p247/specifications/polyglot-0.3.3.gemspec
I, [2016-03-29T15:56:19.470404 #23845]  INFO -- : 0:  treetop (1.4.12) from /home/elaiyaraja/.rvm/gems/ruby-2.0.0-p247/specifications/treetop-1.4.12.gemspec
I, [2016-03-29T15:56:27.078641 #23845]  INFO -- : 0:  mail (2.5.3) from /home/elaiyaraja/.rvm/gems/ruby-2.0.0-p247/specifications/mail-2.5.3.gemspec
I, [2016-03-29T15:56:30.106149 #23845]  INFO -- : 0:  actionmailer (3.2.13) from /home/elaiyaraja/.rvm/gems/ruby-2.0.0-p247/specifications/actionmailer-3.2.13.gemspec
I, [2016-03-29T15:56:36.312265 #23845]  INFO -- : 0:  arel (3.0.2) from /home/elaiyaraja/.rvm/gems/ruby-2.0.0-p247/specifications/arel-3.0.2.gemspec
I, [2016-03-29T15:56:56.724829 #23845]  INFO -- : 0:  tzinfo (0.3.37) from /home/elaiyaraja/.rvm/gems/ruby-2.0.0-p247/specifications/tzinfo-0.3.37.gemspec
I, [2016-03-29T15:57:06.340004 #23845]  INFO -- : 0:  activerecord (3.2.13) from /home/elaiyaraja/.rvm/gems/ruby-2.0.0-p247/specifications/activerecord-3.2.13.gemspec
I, [2016-03-29T15:57:09.205822 #23845]  INFO -- : 0:  activeresource (3.2.13) from /home/elaiyaraja/.rvm/gems/ruby-2.0.0-p247/specifications/activeresource-3.2.13.gemspec
I, [2016-03-29T15:57:36.021279 #23845]  INFO -- : 0:  nokogiri (1.5.9) from /home/elaiyaraja/.rvm/gems/ruby-2.0.0-p247/specifications/nokogiri-1.5.9.gemspec
I, [2016-03-29T15:58:00.411643 #23845]  INFO -- : 0:  ffi (1.6.0) from /home/elaiyaraja/.rvm/gems/ruby-2.0.0-p247/specifications/ffi-1.6.0.gemspec
I, [2016-03-29T15:58:04.254572 #23845]  INFO -- : 0:  childprocess (0.3.9) from /home/elaiyaraja/.rvm/gems/ruby-2.0.0-p247/specifications/childprocess-0.3.9.gemspec
I, [2016-03-29T15:58:07.786036 #23845]  INFO -- : 0:  rubyzip (0.9.9) from /home/elaiyaraja/.rvm/gems/ruby-2.0.0-p247/specifications/rubyzip-0.9.9.gemspec
I, [2016-03-29T15:58:12.623727 #23845]  INFO -- : 0:  websocket (1.0.7) from /home/elaiyaraja/.rvm/gems/ruby-2.0.0-p247/specifications/websocket-1.0.7.gemspec
I, [2016-03-29T15:58:25.084919 #23845]  INFO -- : 0:  selenium-webdriver (2.31.0) from /home/elaiyaraja/.rvm/gems/ruby-2.0.0-p247/specifications/selenium-webdriver-2.31.0.gemspec
I, [2016-03-29T15:58:28.392740 #23845]  INFO -- : 0:  xpath (1.0.0) from /home/elaiyaraja/.rvm/gems/ruby-2.0.0-p247/specifications/xpath-1.0.0.gemspec
I, [2016-03-29T15:58:35.692053 #23845]  INFO -- : 0:  capybara (2.0.3) from /home/elaiyaraja/.rvm/gems/ruby-2.0.0-p247/specifications/capybara-2.0.3.gemspec
I, [2016-03-29T15:58:42.812750 #23845]  INFO -- : 0:  coderay (1.0.9) from /home/elaiyaraja/.rvm/gems/ruby-2.0.0-p247/specifications/coderay-1.0.9.gemspec
I, [2016-03-29T15:58:51.127890 #23845]  INFO -- : 0:  excon (0.37.0) from /home/elaiyaraja/.rvm/gems/ruby-2.0.0-p247/specifications/excon-0.37.0.gemspec
I, [2016-03-29T15:58:53.359274 #23845]  INFO -- : 0:  rack-ssl (1.3.3) from /home/elaiyaraja/.rvm/gems/ruby-2.0.0-p247/specifications/rack-ssl-1.3.3.gemspec
I, [2016-03-29T15:59:00.712294 #23845]  INFO -- : 0:  json (1.7.7) from /home/elaiyaraja/.rvm/gems/ruby-2.0.0-p247/specifications/json-1.7.7.gemspec
I, [2016-03-29T15:59:00.713246 #23845]  INFO -- : 0:  rdoc (3.12.2) from /home/elaiyaraja/.rvm/gems/ruby-2.0.0-p247/specifications/rdoc-3.12.2.gemspec
I, [2016-03-29T15:59:00.713892 #23845]  INFO -- : 0:  thor (0.18.1) from /home/elaiyaraja/.rvm/gems/ruby-2.0.0-p247/specifications/thor-0.18.1.gemspec
I, [2016-03-29T15:59:27.618492 #23845]  INFO -- : 0:  railties (3.2.13) from /home/elaiyaraja/.rvm/gems/ruby-2.0.0-p247/specifications/railties-3.2.13.gemspec
I, [2016-03-29T15:59:32.850829 #23845]  INFO -- : 0:  jquery-rails (2.0.3) from /home/elaiyaraja/.rvm/gems/ruby-2.0.0-p247/specifications/jquery-rails-2.0.3.gemspec
I, [2016-03-29T15:59:35.372006 #23845]  INFO -- : 0:  mandrill-api (1.0.52) from /home/elaiyaraja/.rvm/gems/ruby-2.0.0-p247/specifications/mandrill-api-1.0.52.gemspec
I, [2016-03-29T15:59:37.900563 #23845]  INFO -- : 0:  metaclass (0.0.1) from /home/elaiyaraja/.rvm/gems/ruby-2.0.0-p247/specifications/metaclass-0.0.1.gemspec
I, [2016-03-29T15:59:50.524869 #23845]  INFO -- : 0:  mocha (0.13.3) from /home/elaiyaraja/.rvm/gems/ruby-2.0.0-p247/specifications/mocha-0.13.3.gemspec
I, [2016-03-29T15:59:57.914235 #23845]  INFO -- : 0:  mysql2 (0.3.11) from /home/elaiyaraja/.rvm/gems/ruby-2.0.0-p247/specifications/mysql2-0.3.11.gemspec
I, [2016-03-29T16:00:02.228588 #23845]  INFO -- : 0:  net-ldap (0.3.1) from /home/elaiyaraja/.rvm/gems/ruby-2.0.0-p247/specifications/net-ldap-0.3.1.gemspec
I, [2016-03-29T16:00:33.866596 #23845]  INFO -- : 0:  ruby-openid (2.1.8) from /home/elaiyaraja/.rvm/gems/ruby-2.0.0-p247/specifications/ruby-openid-2.1.8.gemspec
I, [2016-03-29T16:00:36.536860 #23845]  INFO -- : 0:  rack-openid (1.3.1) from /home/elaiyaraja/.rvm/gems/ruby-2.0.0-p247/specifications/rack-openid-1.3.1.gemspec
I, [2016-03-29T16:00:36.537452 #23845]  INFO -- : 0:  bundler (1.5.1) from /home/elaiyaraja/.rvm/gems/ruby-2.0.0-p247@global/specifications/bundler-1.5.1.gemspec
I, [2016-03-29T16:00:38.719068 #23845]  INFO -- : 0:  rails (3.2.13) from /home/elaiyaraja/.rvm/gems/ruby-2.0.0-p247/specifications/rails-3.2.13.gemspec
I, [2016-03-29T16:01:13.418804 #23845]  INFO -- : 0:  rmagick (2.13.2) from /home/elaiyaraja/.rvm/gems/ruby-2.0.0-p247/specifications/rmagick-2.13.2.gemspec
I, [2016-03-29T16:01:16.945245 #23845]  INFO -- : 0:  shoulda-context (1.0.2) from /home/elaiyaraja/.rvm/gems/ruby-2.0.0-p247/specifications/shoulda-context-1.0.2.gemspec
I, [2016-03-29T16:01:25.563908 #23845]  INFO -- : 0:  shoulda-matchers (1.4.1) from /home/elaiyaraja/.rvm/gems/ruby-2.0.0-p247/specifications/shoulda-matchers-1.4.1.gemspec
I, [2016-03-29T16:01:28.578728 #23845]  INFO -- : 0:  shoulda (3.3.2) from /home/elaiyaraja/.rvm/gems/ruby-2.0.0-p247/specifications/shoulda-3.3.2.gemspec
I, [2016-03-29T16:01:32.364022 #23845]  INFO -- : 0:  will_paginate (3.0.5) from /home/elaiyaraja/.rvm/gems/ruby-2.0.0-p247/specifications/will_paginate-3.0.5.gemspec
I, [2016-03-29T16:01:35.560734 #23845]  INFO -- : 0:  yaml_db (0.2.3) from /home/elaiyaraja/.rvm/gems/ruby-2.0.0-p247/specifications/yaml_db-0.2.3.gemspec
I, [2016-03-29T16:02:14.762379 #23845]  INFO -- : 0:  yard (0.8.5.2) from /home/elaiyaraja/.rvm/gems/ruby-2.0.0-p247/specifications/yard-0.8.5.2.gemspec
